;  LST file generated by mikroListExporter - v.2.0 
; Date/Time: 16/06/2024 14:13:46
;----------------------------------------------

;Address Opcode 	ASM
0x0000	0x2A71      	GOTO       625
__Lib_SoftI2C_PutZerosToLATScl:
;__Lib_SoftI2C.c,45 :: 		
;__Lib_SoftI2C.c,53 :: 		
0x0003	0x3005      	MOVLW      Soft_I2C_Scl
;__Lib_SoftI2C.c,54 :: 		
0x0004	0x0084      	MOVWF      FSR
;__Lib_SoftI2C.c,55 :: 		
0x0005	0x0800      	MOVF       INDF, 0
;__Lib_SoftI2C.c,56 :: 		
0x0006	0x0800      	MOVF       INDF, 0
0x0007	0x1283      	BCF        STATUS, 5
0x0008	0x1303      	BCF        STATUS, 6
0x0009	0x00F0      	MOVWF      R0
;__Lib_SoftI2C.c,59 :: 		
0x000A	0x1170      	BCF        R0, BitPos(Soft_I2C_Scl+0)
;__Lib_SoftI2C.c,61 :: 		
0x000B	0x0870      	MOVF       R0, 0
0x000C	0x0080      	MOVWF      INDF
;__Lib_SoftI2C.c,62 :: 		
L_end_PutZerosToLATScl:
0x000D	0x0008      	RETURN
; end of __Lib_SoftI2C_PutZerosToLATScl
_Delay_1us:
;__Lib_Delays.c,7 :: 		void Delay_1us() {
;__Lib_Delays.c,8 :: 		Delay_us(1);
0x000E	0x0000      	NOP
;__Lib_Delays.c,9 :: 		}
L_end_Delay_1us:
0x000F	0x0008      	RETURN
; end of _Delay_1us
__Lib_SoftI2C_PutZerosToLATSda:
;__Lib_SoftI2C.c,28 :: 		
;__Lib_SoftI2C.c,36 :: 		
0x0010	0x3005      	MOVLW      Soft_I2C_Sda
;__Lib_SoftI2C.c,37 :: 		
0x0011	0x0084      	MOVWF      FSR
;__Lib_SoftI2C.c,38 :: 		
0x0012	0x0800      	MOVF       INDF, 0
;__Lib_SoftI2C.c,39 :: 		
0x0013	0x0800      	MOVF       INDF, 0
0x0014	0x1283      	BCF        STATUS, 5
0x0015	0x1303      	BCF        STATUS, 6
0x0016	0x00F0      	MOVWF      R0
;__Lib_SoftI2C.c,41 :: 		
0x0017	0x11F0      	BCF        R0, BitPos(Soft_I2C_Sda+0)
;__Lib_SoftI2C.c,43 :: 		
0x0018	0x0870      	MOVF       R0, 0
0x0019	0x0080      	MOVWF      INDF
;__Lib_SoftI2C.c,44 :: 		
L_end_PutZerosToLATSda:
0x001A	0x0008      	RETURN
; end of __Lib_SoftI2C_PutZerosToLATSda
_Mul_32x32_U:
;__Lib_Math.c,1775 :: 		
;__Lib_Math.c,1790 :: 		
0x001B	0x1283      	BCF        STATUS, 5
;__Lib_Math.c,1791 :: 		
0x001C	0x1303      	BCF        STATUS, 6
;__Lib_Math.c,1792 :: 		
0x001D	0x3022      	MOVLW      34
;__Lib_Math.c,1793 :: 		
0x001E	0x00FC      	MOVWF      R12
;__Lib_Math.c,1794 :: 		
0x001F	0x01F8      	CLRF       R8
;__Lib_Math.c,1795 :: 		
0x0020	0x01F9      	CLRF       R9
;__Lib_Math.c,1796 :: 		
0x0021	0x01FA      	CLRF       R10
;__Lib_Math.c,1797 :: 		
0x0022	0x01FB      	CLRF       R11
;__Lib_Math.c,1799 :: 		
_NEXT:
;__Lib_Math.c,1803 :: 		
0x0023	0x03FC      	DECF       R12, 1
;__Lib_Math.c,1804 :: 		
0x0024	0x1903      	BTFSC      STATUS, 2
;__Lib_Math.c,1805 :: 		
0x0025	0x2851      	GOTO       _EXIT2
;__Lib_Math.c,1806 :: 		
0x0026	0x1003      	BCF        STATUS, 0
;__Lib_Math.c,1808 :: 		
_LOOP:
;__Lib_Math.c,1817 :: 		
0x0027	0x0CFB      	RRF        R11, 1
;__Lib_Math.c,1818 :: 		
0x0028	0x0CFA      	RRF        R10, 1
;__Lib_Math.c,1819 :: 		
0x0029	0x0CF9      	RRF        R9, 1
;__Lib_Math.c,1820 :: 		
0x002A	0x0CF8      	RRF        R8, 1
;__Lib_Math.c,1821 :: 		
0x002B	0x0CF3      	RRF        R3, 1
;__Lib_Math.c,1822 :: 		
0x002C	0x0CF2      	RRF        R2, 1
;__Lib_Math.c,1823 :: 		
0x002D	0x0CF1      	RRF        R1, 1
;__Lib_Math.c,1824 :: 		
0x002E	0x0CF0      	RRF        R0, 1
;__Lib_Math.c,1829 :: 		
0x002F	0x1C03      	BTFSS      STATUS, 0
;__Lib_Math.c,1830 :: 		
0x0030	0x2823      	GOTO       _NEXT
;__Lib_Math.c,1831 :: 		
0x0031	0x03FC      	DECF       R12, 1
;__Lib_Math.c,1832 :: 		
0x0032	0x1903      	BTFSC      STATUS, 2
;__Lib_Math.c,1833 :: 		
0x0033	0x2843      	GOTO       _EXIT1
;__Lib_Math.c,1840 :: 		
0x0034	0x0874      	MOVF       R4, 0
;__Lib_Math.c,1841 :: 		
0x0035	0x07F8      	ADDWF      R8, 1
;__Lib_Math.c,1842 :: 		
0x0036	0x0875      	MOVF       R5, 0
;__Lib_Math.c,1843 :: 		
0x0037	0x1803      	BTFSC      STATUS, 0
;__Lib_Math.c,1844 :: 		
0x0038	0x0F75      	INCFSZ     R5, 0
;__Lib_Math.c,1845 :: 		
0x0039	0x07F9      	ADDWF      R9, 1
;__Lib_Math.c,1846 :: 		
0x003A	0x0876      	MOVF       R6, 0
;__Lib_Math.c,1847 :: 		
0x003B	0x1803      	BTFSC      STATUS, 0
;__Lib_Math.c,1848 :: 		
0x003C	0x0F76      	INCFSZ     R6, 0
;__Lib_Math.c,1849 :: 		
0x003D	0x07FA      	ADDWF      R10, 1
;__Lib_Math.c,1850 :: 		
0x003E	0x0877      	MOVF       R7, 0
;__Lib_Math.c,1851 :: 		
0x003F	0x1803      	BTFSC      STATUS, 0
;__Lib_Math.c,1852 :: 		
0x0040	0x0F77      	INCFSZ     R7, 0
;__Lib_Math.c,1853 :: 		
0x0041	0x07FB      	ADDWF      R11, 1
;__Lib_Math.c,1855 :: 		
0x0042	0x2827      	GOTO       _LOOP
;__Lib_Math.c,1857 :: 		
_EXIT1:
;__Lib_Math.c,1862 :: 		
0x0043	0x0874      	MOVF       R4, 0
;__Lib_Math.c,1863 :: 		
0x0044	0x07F8      	ADDWF      R8, 1
;__Lib_Math.c,1864 :: 		
0x0045	0x0875      	MOVF       R5, 0
;__Lib_Math.c,1865 :: 		
0x0046	0x1803      	BTFSC      STATUS, 0
;__Lib_Math.c,1866 :: 		
0x0047	0x0F75      	INCFSZ     R5, 0
;__Lib_Math.c,1867 :: 		
0x0048	0x07F9      	ADDWF      R9, 1
;__Lib_Math.c,1868 :: 		
0x0049	0x0876      	MOVF       R6, 0
;__Lib_Math.c,1869 :: 		
0x004A	0x1803      	BTFSC      STATUS, 0
;__Lib_Math.c,1870 :: 		
0x004B	0x0F76      	INCFSZ     R6, 0
;__Lib_Math.c,1871 :: 		
0x004C	0x07FA      	ADDWF      R10, 1
;__Lib_Math.c,1872 :: 		
0x004D	0x0877      	MOVF       R7, 0
;__Lib_Math.c,1873 :: 		
0x004E	0x1803      	BTFSC      STATUS, 0
;__Lib_Math.c,1874 :: 		
0x004F	0x0F77      	INCFSZ     R7, 0
;__Lib_Math.c,1875 :: 		
0x0050	0x07FB      	ADDWF      R11, 1
;__Lib_Math.c,1878 :: 		
_EXIT2:
;__Lib_Math.c,1880 :: 		
L_end_Mul_32x32_U:
0x0051	0x0008      	RETURN
; end of _Mul_32x32_U
_Soft_I2C_Start:
;__Lib_SoftI2C.c,147 :: 		
;__Lib_SoftI2C.c,148 :: 		
0x0052	0x1683      	BSF        STATUS, 5
0x0053	0x1303      	BCF        STATUS, 6
0x0054	0x1585      	BSF        Soft_I2C_Sda_Direction, BitPos(Soft_I2C_Sda_Direction+0)
;__Lib_SoftI2C.c,150 :: 		
0x0055	0x200E      	CALL       _Delay_1us
0x0056	0x200E      	CALL       _Delay_1us
;__Lib_SoftI2C.c,152 :: 		
0x0057	0x1505      	BSF        Soft_I2C_Scl_Direction, BitPos(Soft_I2C_Scl_Direction+0)
;__Lib_SoftI2C.c,154 :: 		
0x0058	0x200E      	CALL       _Delay_1us
0x0059	0x200E      	CALL       _Delay_1us
;__Lib_SoftI2C.c,156 :: 		
0x005A	0x2010      	CALL       __Lib_SoftI2C_PutZerosToLATSda
;__Lib_SoftI2C.c,157 :: 		
0x005B	0x1683      	BSF        STATUS, 5
0x005C	0x1185      	BCF        Soft_I2C_Sda_Direction, BitPos(Soft_I2C_Sda_Direction+0)
;__Lib_SoftI2C.c,159 :: 		
0x005D	0x200E      	CALL       _Delay_1us
0x005E	0x200E      	CALL       _Delay_1us
;__Lib_SoftI2C.c,161 :: 		
0x005F	0x2003      	CALL       __Lib_SoftI2C_PutZerosToLATScl
;__Lib_SoftI2C.c,162 :: 		
0x0060	0x1683      	BSF        STATUS, 5
0x0061	0x1105      	BCF        Soft_I2C_Scl_Direction, BitPos(Soft_I2C_Scl_Direction+0)
;__Lib_SoftI2C.c,165 :: 		
L_end_Soft_I2C_Start:
0x0062	0x0008      	RETURN
; end of _Soft_I2C_Start
_Div_32x32_U:
;__Lib_Math.c,1318 :: 		
;__Lib_Math.c,1327 :: 		
;__Lib_Math.c,1329 :: 		
0x0063	0x1283      	BCF        STATUS, 5
;__Lib_Math.c,1330 :: 		
0x0064	0x1303      	BCF        STATUS, 6
;__Lib_Math.c,1331 :: 		
0x0065	0x01FB      	CLRF       R11
;__Lib_Math.c,1332 :: 		
0x0066	0x01FA      	CLRF       R10
;__Lib_Math.c,1333 :: 		
0x0067	0x01F9      	CLRF       R9
;__Lib_Math.c,1334 :: 		
0x0068	0x01F8      	CLRF       R8
;__Lib_Math.c,1336 :: 		
0x0069	0x01A0      	CLRF       ___math_tempb
;__Lib_Math.c,1338 :: 		
0x006A	0x0D73      	RLF        R3, 0
;__Lib_Math.c,1339 :: 		
0x006B	0x0DF8      	RLF        R8, 1
;__Lib_Math.c,1340 :: 		
0x006C	0x0874      	MOVF       R4, 0
;__Lib_Math.c,1341 :: 		
0x006D	0x02F8      	SUBWF      R8, 1
;__Lib_Math.c,1342 :: 		
0x006E	0x0875      	MOVF       R5, 0
;__Lib_Math.c,1343 :: 		
0x006F	0x1C03      	BTFSS      STATUS, 0
;__Lib_Math.c,1344 :: 		
0x0070	0x0F75      	INCFSZ     R5, 0
;__Lib_Math.c,1345 :: 		
0x0071	0x02F9      	SUBWF      R9, 1
;__Lib_Math.c,1346 :: 		
0x0072	0x0876      	MOVF       R6, 0
;__Lib_Math.c,1347 :: 		
0x0073	0x1C03      	BTFSS      STATUS, 0
;__Lib_Math.c,1348 :: 		
0x0074	0x0F76      	INCFSZ     R6, 0
;__Lib_Math.c,1349 :: 		
0x0075	0x02FA      	SUBWF      R10, 1
;__Lib_Math.c,1350 :: 		
0x0076	0x0877      	MOVF       R7, 0
;__Lib_Math.c,1351 :: 		
0x0077	0x1C03      	BTFSS      STATUS, 0
;__Lib_Math.c,1352 :: 		
0x0078	0x0F77      	INCFSZ     R7, 0
;__Lib_Math.c,1353 :: 		
0x0079	0x02FB      	SUBWF      R11, 1
;__Lib_Math.c,1355 :: 		
0x007A	0x0100      	CLRW
;__Lib_Math.c,1356 :: 		
0x007B	0x1C03      	BTFSS      STATUS, 0
;__Lib_Math.c,1357 :: 		
0x007C	0x3001      	MOVLW      1
;__Lib_Math.c,1358 :: 		
0x007D	0x02A0      	SUBWF      ___math_tempb, 1
;__Lib_Math.c,1359 :: 		
0x007E	0x0DF3      	RLF        R3, 1
;__Lib_Math.c,1361 :: 		
0x007F	0x3007      	MOVLW      7
;__Lib_Math.c,1362 :: 		
0x0080	0x00FC      	MOVWF      R12
;__Lib_Math.c,1364 :: 		
LOOPU3232A:
;__Lib_Math.c,1365 :: 		
0x0081	0x0D73      	RLF        R3, 0
;__Lib_Math.c,1366 :: 		
0x0082	0x0DF8      	RLF        R8, 1
;__Lib_Math.c,1367 :: 		
0x0083	0x0DF9      	RLF        R9, 1
;__Lib_Math.c,1368 :: 		
0x0084	0x0DFA      	RLF        R10, 1
;__Lib_Math.c,1369 :: 		
0x0085	0x0DFB      	RLF        R11, 1
;__Lib_Math.c,1370 :: 		
0x0086	0x0DA0      	RLF        ___math_tempb, 1
;__Lib_Math.c,1371 :: 		
0x0087	0x0874      	MOVF       R4, 0
;__Lib_Math.c,1372 :: 		
0x0088	0x1C73      	BTFSS      R3, 0
;__Lib_Math.c,1373 :: 		
0x0089	0x289C      	GOTO       UADD22LA
;__Lib_Math.c,1375 :: 		
0x008A	0x02F8      	SUBWF      R8, 1
;__Lib_Math.c,1376 :: 		
0x008B	0x0875      	MOVF       R5, 0
;__Lib_Math.c,1377 :: 		
0x008C	0x1C03      	BTFSS      STATUS, 0
;__Lib_Math.c,1378 :: 		
0x008D	0x0F75      	INCFSZ     R5, 0
;__Lib_Math.c,1379 :: 		
0x008E	0x02F9      	SUBWF      R9, 1
;__Lib_Math.c,1380 :: 		
0x008F	0x0876      	MOVF       R6, 0
;__Lib_Math.c,1381 :: 		
0x0090	0x1C03      	BTFSS      STATUS, 0
;__Lib_Math.c,1382 :: 		
0x0091	0x0F76      	INCFSZ     R6, 0
;__Lib_Math.c,1383 :: 		
0x0092	0x02FA      	SUBWF      R10, 1
;__Lib_Math.c,1384 :: 		
0x0093	0x0877      	MOVF       R7, 0
;__Lib_Math.c,1385 :: 		
0x0094	0x1C03      	BTFSS      STATUS, 0
;__Lib_Math.c,1386 :: 		
0x0095	0x0F77      	INCFSZ     R7, 0
;__Lib_Math.c,1387 :: 		
0x0096	0x02FB      	SUBWF      R11, 1
;__Lib_Math.c,1388 :: 		
0x0097	0x0100      	CLRW
;__Lib_Math.c,1389 :: 		
0x0098	0x1C03      	BTFSS      STATUS, 0
;__Lib_Math.c,1390 :: 		
0x0099	0x3001      	MOVLW      1
;__Lib_Math.c,1391 :: 		
0x009A	0x02A0      	SUBWF      ___math_tempb, 1
;__Lib_Math.c,1392 :: 		
0x009B	0x28AD      	GOTO       UOK22LA
;__Lib_Math.c,1394 :: 		
UADD22LA:
;__Lib_Math.c,1395 :: 		
0x009C	0x07F8      	ADDWF      R8, 1
;__Lib_Math.c,1396 :: 		
0x009D	0x0875      	MOVF       R5, 0
;__Lib_Math.c,1397 :: 		
0x009E	0x1803      	BTFSC      STATUS, 0
;__Lib_Math.c,1398 :: 		
0x009F	0x0F75      	INCFSZ     R5, 0
;__Lib_Math.c,1399 :: 		
0x00A0	0x07F9      	ADDWF      R9, 1
;__Lib_Math.c,1400 :: 		
0x00A1	0x0876      	MOVF       R6, 0
;__Lib_Math.c,1401 :: 		
0x00A2	0x1803      	BTFSC      STATUS, 0
;__Lib_Math.c,1402 :: 		
0x00A3	0x0F76      	INCFSZ     R6, 0
;__Lib_Math.c,1403 :: 		
0x00A4	0x07FA      	ADDWF      R10, 1
;__Lib_Math.c,1404 :: 		
0x00A5	0x0877      	MOVF       R7, 0
;__Lib_Math.c,1405 :: 		
0x00A6	0x1803      	BTFSC      STATUS, 0
;__Lib_Math.c,1406 :: 		
0x00A7	0x0F77      	INCFSZ     R7, 0
;__Lib_Math.c,1407 :: 		
0x00A8	0x07FB      	ADDWF      R11, 1
;__Lib_Math.c,1408 :: 		
0x00A9	0x0100      	CLRW
;__Lib_Math.c,1409 :: 		
0x00AA	0x1803      	BTFSC      STATUS, 0
;__Lib_Math.c,1410 :: 		
0x00AB	0x3001      	MOVLW      1
;__Lib_Math.c,1411 :: 		
0x00AC	0x07A0      	ADDWF      ___math_tempb, 1
;__Lib_Math.c,1413 :: 		
UOK22LA:
;__Lib_Math.c,1414 :: 		
0x00AD	0x0DF3      	RLF        R3, 1
;__Lib_Math.c,1416 :: 		
0x00AE	0x0BFC      	DECFSZ     R12, 1
;__Lib_Math.c,1417 :: 		
0x00AF	0x2881      	GOTO       LOOPU3232A
;__Lib_Math.c,1419 :: 		
0x00B0	0x0D72      	RLF        R2, 0
;__Lib_Math.c,1420 :: 		
0x00B1	0x0DF8      	RLF        R8, 1
;__Lib_Math.c,1421 :: 		
0x00B2	0x0DF9      	RLF        R9, 1
;__Lib_Math.c,1422 :: 		
0x00B3	0x0DFA      	RLF        R10, 1
;__Lib_Math.c,1423 :: 		
0x00B4	0x0DFB      	RLF        R11, 1
;__Lib_Math.c,1424 :: 		
0x00B5	0x0DA0      	RLF        ___math_tempb, 1
;__Lib_Math.c,1425 :: 		
0x00B6	0x0874      	MOVF       R4, 0
;__Lib_Math.c,1426 :: 		
0x00B7	0x1C73      	BTFSS      R3, 0
;__Lib_Math.c,1427 :: 		
0x00B8	0x28CB      	GOTO       UADD22L8
;__Lib_Math.c,1429 :: 		
0x00B9	0x02F8      	SUBWF      R8, 1
;__Lib_Math.c,1430 :: 		
0x00BA	0x0875      	MOVF       R5, 0
;__Lib_Math.c,1431 :: 		
0x00BB	0x1C03      	BTFSS      STATUS, 0
;__Lib_Math.c,1432 :: 		
0x00BC	0x0F75      	INCFSZ     R5, 0
;__Lib_Math.c,1433 :: 		
0x00BD	0x02F9      	SUBWF      R9, 1
;__Lib_Math.c,1434 :: 		
0x00BE	0x0876      	MOVF       R6, 0
;__Lib_Math.c,1435 :: 		
0x00BF	0x1C03      	BTFSS      STATUS, 0
;__Lib_Math.c,1436 :: 		
0x00C0	0x0F76      	INCFSZ     R6, 0
;__Lib_Math.c,1437 :: 		
0x00C1	0x02FA      	SUBWF      R10, 1
;__Lib_Math.c,1438 :: 		
0x00C2	0x0877      	MOVF       R7, 0
;__Lib_Math.c,1439 :: 		
0x00C3	0x1C03      	BTFSS      STATUS, 0
;__Lib_Math.c,1440 :: 		
0x00C4	0x0F77      	INCFSZ     R7, 0
;__Lib_Math.c,1441 :: 		
0x00C5	0x02FB      	SUBWF      R11, 1
;__Lib_Math.c,1442 :: 		
0x00C6	0x0100      	CLRW
;__Lib_Math.c,1443 :: 		
0x00C7	0x1C03      	BTFSS      STATUS, 0
;__Lib_Math.c,1444 :: 		
0x00C8	0x3001      	MOVLW      1
;__Lib_Math.c,1445 :: 		
0x00C9	0x02A0      	SUBWF      ___math_tempb, 1
;__Lib_Math.c,1446 :: 		
0x00CA	0x28DC      	GOTO       UOK22L8
;__Lib_Math.c,1448 :: 		
UADD22L8:
;__Lib_Math.c,1449 :: 		
0x00CB	0x07F8      	ADDWF      R8, 1
;__Lib_Math.c,1450 :: 		
0x00CC	0x0875      	MOVF       R5, 0
;__Lib_Math.c,1451 :: 		
0x00CD	0x1803      	BTFSC      STATUS, 0
;__Lib_Math.c,1452 :: 		
0x00CE	0x0F75      	INCFSZ     R5, 0
;__Lib_Math.c,1453 :: 		
0x00CF	0x07F9      	ADDWF      R9, 1
;__Lib_Math.c,1454 :: 		
0x00D0	0x0876      	MOVF       R6, 0
;__Lib_Math.c,1455 :: 		
0x00D1	0x1803      	BTFSC      STATUS, 0
;__Lib_Math.c,1456 :: 		
0x00D2	0x0F76      	INCFSZ     R6, 0
;__Lib_Math.c,1457 :: 		
0x00D3	0x07FA      	ADDWF      R10, 1
;__Lib_Math.c,1458 :: 		
0x00D4	0x0877      	MOVF       R7, 0
;__Lib_Math.c,1459 :: 		
0x00D5	0x1803      	BTFSC      STATUS, 0
;__Lib_Math.c,1460 :: 		
0x00D6	0x0F77      	INCFSZ     R7, 0
;__Lib_Math.c,1461 :: 		
0x00D7	0x07FB      	ADDWF      R11, 1
;__Lib_Math.c,1462 :: 		
0x00D8	0x0100      	CLRW
;__Lib_Math.c,1463 :: 		
0x00D9	0x1803      	BTFSC      STATUS, 0
;__Lib_Math.c,1464 :: 		
0x00DA	0x3001      	MOVLW      1
;__Lib_Math.c,1465 :: 		
0x00DB	0x07A0      	ADDWF      ___math_tempb, 1
;__Lib_Math.c,1467 :: 		
UOK22L8:
;__Lib_Math.c,1468 :: 		
0x00DC	0x0DF2      	RLF        R2, 1
;__Lib_Math.c,1470 :: 		
0x00DD	0x3007      	MOVLW      7
;__Lib_Math.c,1471 :: 		
0x00DE	0x00FC      	MOVWF      R12
;__Lib_Math.c,1473 :: 		
LOOPU3232B:
;__Lib_Math.c,1474 :: 		
0x00DF	0x0D72      	RLF        R2, 0
;__Lib_Math.c,1475 :: 		
0x00E0	0x0DF8      	RLF        R8, 1
;__Lib_Math.c,1476 :: 		
0x00E1	0x0DF9      	RLF        R9, 1
;__Lib_Math.c,1477 :: 		
0x00E2	0x0DFA      	RLF        R10, 1
;__Lib_Math.c,1478 :: 		
0x00E3	0x0DFB      	RLF        R11, 1
;__Lib_Math.c,1479 :: 		
0x00E4	0x0DA0      	RLF        ___math_tempb, 1
;__Lib_Math.c,1480 :: 		
0x00E5	0x0874      	MOVF       R4, 0
;__Lib_Math.c,1481 :: 		
0x00E6	0x1C72      	BTFSS      R2, 0
;__Lib_Math.c,1482 :: 		
0x00E7	0x28FA      	GOTO       UADD22LB
;__Lib_Math.c,1484 :: 		
0x00E8	0x02F8      	SUBWF      R8, 1
;__Lib_Math.c,1485 :: 		
0x00E9	0x0875      	MOVF       R5, 0
;__Lib_Math.c,1486 :: 		
0x00EA	0x1C03      	BTFSS      STATUS, 0
;__Lib_Math.c,1487 :: 		
0x00EB	0x0F75      	INCFSZ     R5, 0
;__Lib_Math.c,1488 :: 		
0x00EC	0x02F9      	SUBWF      R9, 1
;__Lib_Math.c,1489 :: 		
0x00ED	0x0876      	MOVF       R6, 0
;__Lib_Math.c,1490 :: 		
0x00EE	0x1C03      	BTFSS      STATUS, 0
;__Lib_Math.c,1491 :: 		
0x00EF	0x0F76      	INCFSZ     R6, 0
;__Lib_Math.c,1492 :: 		
0x00F0	0x02FA      	SUBWF      R10, 1
;__Lib_Math.c,1493 :: 		
0x00F1	0x0877      	MOVF       R7, 0
;__Lib_Math.c,1494 :: 		
0x00F2	0x1C03      	BTFSS      STATUS, 0
;__Lib_Math.c,1495 :: 		
0x00F3	0x0F77      	INCFSZ     R7, 0
;__Lib_Math.c,1496 :: 		
0x00F4	0x02FB      	SUBWF      R11, 1
;__Lib_Math.c,1497 :: 		
0x00F5	0x0100      	CLRW
;__Lib_Math.c,1498 :: 		
0x00F6	0x1C03      	BTFSS      STATUS, 0
;__Lib_Math.c,1499 :: 		
0x00F7	0x3001      	MOVLW      1
;__Lib_Math.c,1500 :: 		
0x00F8	0x02A0      	SUBWF      ___math_tempb, 1
;__Lib_Math.c,1501 :: 		
0x00F9	0x290B      	GOTO       UOK22LB
;__Lib_Math.c,1503 :: 		
UADD22LB:
;__Lib_Math.c,1504 :: 		
0x00FA	0x07F8      	ADDWF      R8, 1
;__Lib_Math.c,1505 :: 		
0x00FB	0x0875      	MOVF       R5, 0
;__Lib_Math.c,1506 :: 		
0x00FC	0x1803      	BTFSC      STATUS, 0
;__Lib_Math.c,1507 :: 		
0x00FD	0x0F75      	INCFSZ     R5, 0
;__Lib_Math.c,1508 :: 		
0x00FE	0x07F9      	ADDWF      R9, 1
;__Lib_Math.c,1509 :: 		
0x00FF	0x0876      	MOVF       R6, 0
;__Lib_Math.c,1510 :: 		
0x0100	0x1803      	BTFSC      STATUS, 0
;__Lib_Math.c,1511 :: 		
0x0101	0x0F76      	INCFSZ     R6, 0
;__Lib_Math.c,1512 :: 		
0x0102	0x07FA      	ADDWF      R10, 1
;__Lib_Math.c,1513 :: 		
0x0103	0x0877      	MOVF       R7, 0
;__Lib_Math.c,1514 :: 		
0x0104	0x1803      	BTFSC      STATUS, 0
;__Lib_Math.c,1515 :: 		
0x0105	0x0F77      	INCFSZ     R7, 0
;__Lib_Math.c,1516 :: 		
0x0106	0x07FB      	ADDWF      R11, 1
;__Lib_Math.c,1517 :: 		
0x0107	0x0100      	CLRW
;__Lib_Math.c,1518 :: 		
0x0108	0x1803      	BTFSC      STATUS, 0
;__Lib_Math.c,1519 :: 		
0x0109	0x3001      	MOVLW      1
;__Lib_Math.c,1520 :: 		
0x010A	0x07A0      	ADDWF      ___math_tempb, 1
;__Lib_Math.c,1522 :: 		
UOK22LB:
;__Lib_Math.c,1523 :: 		
0x010B	0x0DF2      	RLF        R2, 1
;__Lib_Math.c,1525 :: 		
0x010C	0x0BFC      	DECFSZ     R12, 1
;__Lib_Math.c,1526 :: 		
0x010D	0x28DF      	GOTO       LOOPU3232B
;__Lib_Math.c,1528 :: 		
0x010E	0x0D71      	RLF        R1, 0
;__Lib_Math.c,1529 :: 		
0x010F	0x0DF8      	RLF        R8, 1
;__Lib_Math.c,1530 :: 		
0x0110	0x0DF9      	RLF        R9, 1
;__Lib_Math.c,1531 :: 		
0x0111	0x0DFA      	RLF        R10, 1
;__Lib_Math.c,1532 :: 		
0x0112	0x0DFB      	RLF        R11, 1
;__Lib_Math.c,1533 :: 		
0x0113	0x0DA0      	RLF        ___math_tempb, 1
;__Lib_Math.c,1534 :: 		
0x0114	0x0874      	MOVF       R4, 0
;__Lib_Math.c,1535 :: 		
0x0115	0x1C72      	BTFSS      R2, 0
;__Lib_Math.c,1536 :: 		
0x0116	0x2929      	GOTO       UADD22L16
;__Lib_Math.c,1538 :: 		
0x0117	0x02F8      	SUBWF      R8, 1
;__Lib_Math.c,1539 :: 		
0x0118	0x0875      	MOVF       R5, 0
;__Lib_Math.c,1540 :: 		
0x0119	0x1C03      	BTFSS      STATUS, 0
;__Lib_Math.c,1541 :: 		
0x011A	0x0F75      	INCFSZ     R5, 0
;__Lib_Math.c,1542 :: 		
0x011B	0x02F9      	SUBWF      R9, 1
;__Lib_Math.c,1543 :: 		
0x011C	0x0876      	MOVF       R6, 0
;__Lib_Math.c,1544 :: 		
0x011D	0x1C03      	BTFSS      STATUS, 0
;__Lib_Math.c,1545 :: 		
0x011E	0x0F76      	INCFSZ     R6, 0
;__Lib_Math.c,1546 :: 		
0x011F	0x02FA      	SUBWF      R10, 1
;__Lib_Math.c,1547 :: 		
0x0120	0x0877      	MOVF       R7, 0
;__Lib_Math.c,1548 :: 		
0x0121	0x1C03      	BTFSS      STATUS, 0
;__Lib_Math.c,1549 :: 		
0x0122	0x0F77      	INCFSZ     R7, 0
;__Lib_Math.c,1550 :: 		
0x0123	0x02FB      	SUBWF      R11, 1
;__Lib_Math.c,1551 :: 		
0x0124	0x0100      	CLRW
;__Lib_Math.c,1552 :: 		
0x0125	0x1C03      	BTFSS      STATUS, 0
;__Lib_Math.c,1553 :: 		
0x0126	0x3001      	MOVLW      1
;__Lib_Math.c,1554 :: 		
0x0127	0x02A0      	SUBWF      ___math_tempb, 1
;__Lib_Math.c,1555 :: 		
0x0128	0x293A      	GOTO       UOK22L16
;__Lib_Math.c,1557 :: 		
UADD22L16:
;__Lib_Math.c,1558 :: 		
0x0129	0x07F8      	ADDWF      R8, 1
;__Lib_Math.c,1559 :: 		
0x012A	0x0875      	MOVF       R5, 0
;__Lib_Math.c,1560 :: 		
0x012B	0x1803      	BTFSC      STATUS, 0
;__Lib_Math.c,1561 :: 		
0x012C	0x0F75      	INCFSZ     R5, 0
;__Lib_Math.c,1562 :: 		
0x012D	0x07F9      	ADDWF      R9, 1
;__Lib_Math.c,1563 :: 		
0x012E	0x0876      	MOVF       R6, 0
;__Lib_Math.c,1564 :: 		
0x012F	0x1803      	BTFSC      STATUS, 0
;__Lib_Math.c,1565 :: 		
0x0130	0x0F76      	INCFSZ     R6, 0
;__Lib_Math.c,1566 :: 		
0x0131	0x07FA      	ADDWF      R10, 1
;__Lib_Math.c,1567 :: 		
0x0132	0x0877      	MOVF       R7, 0
;__Lib_Math.c,1568 :: 		
0x0133	0x1803      	BTFSC      STATUS, 0
;__Lib_Math.c,1569 :: 		
0x0134	0x0F77      	INCFSZ     R7, 0
;__Lib_Math.c,1570 :: 		
0x0135	0x07FB      	ADDWF      R11, 1
;__Lib_Math.c,1571 :: 		
0x0136	0x0100      	CLRW
;__Lib_Math.c,1572 :: 		
0x0137	0x1803      	BTFSC      STATUS, 0
;__Lib_Math.c,1573 :: 		
0x0138	0x3001      	MOVLW      1
;__Lib_Math.c,1574 :: 		
0x0139	0x07A0      	ADDWF      ___math_tempb, 1
;__Lib_Math.c,1576 :: 		
UOK22L16:
;__Lib_Math.c,1577 :: 		
0x013A	0x0DF1      	RLF        R1, 1
;__Lib_Math.c,1579 :: 		
0x013B	0x3007      	MOVLW      7
;__Lib_Math.c,1580 :: 		
0x013C	0x00FC      	MOVWF      R12
;__Lib_Math.c,1582 :: 		
LOOPU3232C:
;__Lib_Math.c,1583 :: 		
0x013D	0x0D71      	RLF        R1, 0
;__Lib_Math.c,1584 :: 		
0x013E	0x0DF8      	RLF        R8, 1
;__Lib_Math.c,1585 :: 		
0x013F	0x0DF9      	RLF        R9, 1
;__Lib_Math.c,1586 :: 		
0x0140	0x0DFA      	RLF        R10, 1
;__Lib_Math.c,1587 :: 		
0x0141	0x0DFB      	RLF        R11, 1
;__Lib_Math.c,1588 :: 		
0x0142	0x0DA0      	RLF        ___math_tempb, 1
;__Lib_Math.c,1589 :: 		
0x0143	0x0874      	MOVF       R4, 0
;__Lib_Math.c,1590 :: 		
0x0144	0x1C71      	BTFSS      R1, 0
;__Lib_Math.c,1591 :: 		
0x0145	0x2958      	GOTO       UADD22LC
;__Lib_Math.c,1593 :: 		
0x0146	0x02F8      	SUBWF      R8, 1
;__Lib_Math.c,1594 :: 		
0x0147	0x0875      	MOVF       R5, 0
;__Lib_Math.c,1595 :: 		
0x0148	0x1C03      	BTFSS      STATUS, 0
;__Lib_Math.c,1596 :: 		
0x0149	0x0F75      	INCFSZ     R5, 0
;__Lib_Math.c,1597 :: 		
0x014A	0x02F9      	SUBWF      R9, 1
;__Lib_Math.c,1598 :: 		
0x014B	0x0876      	MOVF       R6, 0
;__Lib_Math.c,1599 :: 		
0x014C	0x1C03      	BTFSS      STATUS, 0
;__Lib_Math.c,1600 :: 		
0x014D	0x0F76      	INCFSZ     R6, 0
;__Lib_Math.c,1601 :: 		
0x014E	0x02FA      	SUBWF      R10, 1
;__Lib_Math.c,1602 :: 		
0x014F	0x0877      	MOVF       R7, 0
;__Lib_Math.c,1603 :: 		
0x0150	0x1C03      	BTFSS      STATUS, 0
;__Lib_Math.c,1604 :: 		
0x0151	0x0F77      	INCFSZ     R7, 0
;__Lib_Math.c,1605 :: 		
0x0152	0x02FB      	SUBWF      R11, 1
;__Lib_Math.c,1606 :: 		
0x0153	0x0100      	CLRW
;__Lib_Math.c,1607 :: 		
0x0154	0x1C03      	BTFSS      STATUS, 0
;__Lib_Math.c,1608 :: 		
0x0155	0x3001      	MOVLW      1
;__Lib_Math.c,1609 :: 		
0x0156	0x02A0      	SUBWF      ___math_tempb, 1
;__Lib_Math.c,1610 :: 		
0x0157	0x2969      	GOTO       UOK22LC
;__Lib_Math.c,1612 :: 		
UADD22LC:
;__Lib_Math.c,1613 :: 		
0x0158	0x07F8      	ADDWF      R8, 1
;__Lib_Math.c,1614 :: 		
0x0159	0x0875      	MOVF       R5, 0
;__Lib_Math.c,1615 :: 		
0x015A	0x1803      	BTFSC      STATUS, 0
;__Lib_Math.c,1616 :: 		
0x015B	0x0F75      	INCFSZ     R5, 0
;__Lib_Math.c,1617 :: 		
0x015C	0x07F9      	ADDWF      R9, 1
;__Lib_Math.c,1618 :: 		
0x015D	0x0876      	MOVF       R6, 0
;__Lib_Math.c,1619 :: 		
0x015E	0x1803      	BTFSC      STATUS, 0
;__Lib_Math.c,1620 :: 		
0x015F	0x0F76      	INCFSZ     R6, 0
;__Lib_Math.c,1621 :: 		
0x0160	0x07FA      	ADDWF      R10, 1
;__Lib_Math.c,1622 :: 		
0x0161	0x0877      	MOVF       R7, 0
;__Lib_Math.c,1623 :: 		
0x0162	0x1803      	BTFSC      STATUS, 0
;__Lib_Math.c,1624 :: 		
0x0163	0x0F77      	INCFSZ     R7, 0
;__Lib_Math.c,1625 :: 		
0x0164	0x07FB      	ADDWF      R11, 1
;__Lib_Math.c,1626 :: 		
0x0165	0x0100      	CLRW
;__Lib_Math.c,1627 :: 		
0x0166	0x1803      	BTFSC      STATUS, 0
;__Lib_Math.c,1628 :: 		
0x0167	0x3001      	MOVLW      1
;__Lib_Math.c,1629 :: 		
0x0168	0x07A0      	ADDWF      ___math_tempb, 1
;__Lib_Math.c,1631 :: 		
UOK22LC:
;__Lib_Math.c,1632 :: 		
0x0169	0x0DF1      	RLF        R1, 1
;__Lib_Math.c,1634 :: 		
0x016A	0x0BFC      	DECFSZ     R12, 1
;__Lib_Math.c,1635 :: 		
0x016B	0x293D      	GOTO       LOOPU3232C
;__Lib_Math.c,1637 :: 		
0x016C	0x0D70      	RLF        R0, 0
;__Lib_Math.c,1638 :: 		
0x016D	0x0DF8      	RLF        R8, 1
;__Lib_Math.c,1639 :: 		
0x016E	0x0DF9      	RLF        R9, 1
;__Lib_Math.c,1640 :: 		
0x016F	0x0DFA      	RLF        R10, 1
;__Lib_Math.c,1641 :: 		
0x0170	0x0DFB      	RLF        R11, 1
;__Lib_Math.c,1642 :: 		
0x0171	0x0DA0      	RLF        ___math_tempb, 1
;__Lib_Math.c,1643 :: 		
0x0172	0x0874      	MOVF       R4, 0
;__Lib_Math.c,1644 :: 		
0x0173	0x1C71      	BTFSS      R1, 0
;__Lib_Math.c,1645 :: 		
0x0174	0x2987      	GOTO       UADD22L24
;__Lib_Math.c,1647 :: 		
0x0175	0x02F8      	SUBWF      R8, 1
;__Lib_Math.c,1648 :: 		
0x0176	0x0875      	MOVF       R5, 0
;__Lib_Math.c,1649 :: 		
0x0177	0x1C03      	BTFSS      STATUS, 0
;__Lib_Math.c,1650 :: 		
0x0178	0x0F75      	INCFSZ     R5, 0
;__Lib_Math.c,1651 :: 		
0x0179	0x02F9      	SUBWF      R9, 1
;__Lib_Math.c,1652 :: 		
0x017A	0x0876      	MOVF       R6, 0
;__Lib_Math.c,1653 :: 		
0x017B	0x1C03      	BTFSS      STATUS, 0
;__Lib_Math.c,1654 :: 		
0x017C	0x0F76      	INCFSZ     R6, 0
;__Lib_Math.c,1655 :: 		
0x017D	0x02FA      	SUBWF      R10, 1
;__Lib_Math.c,1656 :: 		
0x017E	0x0877      	MOVF       R7, 0
;__Lib_Math.c,1657 :: 		
0x017F	0x1C03      	BTFSS      STATUS, 0
;__Lib_Math.c,1658 :: 		
0x0180	0x0F77      	INCFSZ     R7, 0
;__Lib_Math.c,1659 :: 		
0x0181	0x02FB      	SUBWF      R11, 1
;__Lib_Math.c,1660 :: 		
0x0182	0x0100      	CLRW
;__Lib_Math.c,1661 :: 		
0x0183	0x1C03      	BTFSS      STATUS, 0
;__Lib_Math.c,1662 :: 		
0x0184	0x3001      	MOVLW      1
;__Lib_Math.c,1663 :: 		
0x0185	0x02A0      	SUBWF      ___math_tempb, 1
;__Lib_Math.c,1664 :: 		
0x0186	0x2998      	GOTO       UOK22L24
;__Lib_Math.c,1666 :: 		
UADD22L24:
;__Lib_Math.c,1667 :: 		
0x0187	0x07F8      	ADDWF      R8, 1
;__Lib_Math.c,1668 :: 		
0x0188	0x0875      	MOVF       R5, 0
;__Lib_Math.c,1669 :: 		
0x0189	0x1803      	BTFSC      STATUS, 0
;__Lib_Math.c,1670 :: 		
0x018A	0x0F75      	INCFSZ     R5, 0
;__Lib_Math.c,1671 :: 		
0x018B	0x07F9      	ADDWF      R9, 1
;__Lib_Math.c,1672 :: 		
0x018C	0x0876      	MOVF       R6, 0
;__Lib_Math.c,1673 :: 		
0x018D	0x1803      	BTFSC      STATUS, 0
;__Lib_Math.c,1674 :: 		
0x018E	0x0F76      	INCFSZ     R6, 0
;__Lib_Math.c,1675 :: 		
0x018F	0x07FA      	ADDWF      R10, 1
;__Lib_Math.c,1676 :: 		
0x0190	0x0877      	MOVF       R7, 0
;__Lib_Math.c,1677 :: 		
0x0191	0x1803      	BTFSC      STATUS, 0
;__Lib_Math.c,1678 :: 		
0x0192	0x0F77      	INCFSZ     R7, 0
;__Lib_Math.c,1679 :: 		
0x0193	0x07FB      	ADDWF      R11, 1
;__Lib_Math.c,1680 :: 		
0x0194	0x0100      	CLRW
;__Lib_Math.c,1681 :: 		
0x0195	0x1803      	BTFSC      STATUS, 0
;__Lib_Math.c,1682 :: 		
0x0196	0x3001      	MOVLW      1
;__Lib_Math.c,1683 :: 		
0x0197	0x07A0      	ADDWF      ___math_tempb, 1
;__Lib_Math.c,1685 :: 		
UOK22L24:
;__Lib_Math.c,1686 :: 		
0x0198	0x0DF0      	RLF        R0, 1
;__Lib_Math.c,1688 :: 		
0x0199	0x3007      	MOVLW      7
;__Lib_Math.c,1689 :: 		
0x019A	0x00FC      	MOVWF      R12
;__Lib_Math.c,1691 :: 		
LOOPU3232D:
;__Lib_Math.c,1692 :: 		
0x019B	0x0D70      	RLF        R0, 0
;__Lib_Math.c,1693 :: 		
0x019C	0x0DF8      	RLF        R8, 1
;__Lib_Math.c,1694 :: 		
0x019D	0x0DF9      	RLF        R9, 1
;__Lib_Math.c,1695 :: 		
0x019E	0x0DFA      	RLF        R10, 1
;__Lib_Math.c,1696 :: 		
0x019F	0x0DFB      	RLF        R11, 1
;__Lib_Math.c,1697 :: 		
0x01A0	0x0DA0      	RLF        ___math_tempb, 1
;__Lib_Math.c,1698 :: 		
0x01A1	0x0874      	MOVF       R4, 0
;__Lib_Math.c,1699 :: 		
0x01A2	0x1C70      	BTFSS      R0, 0
;__Lib_Math.c,1700 :: 		
0x01A3	0x29B6      	GOTO       UADD22LD
;__Lib_Math.c,1702 :: 		
0x01A4	0x02F8      	SUBWF      R8, 1
;__Lib_Math.c,1703 :: 		
0x01A5	0x0875      	MOVF       R5, 0
;__Lib_Math.c,1704 :: 		
0x01A6	0x1C03      	BTFSS      STATUS, 0
;__Lib_Math.c,1705 :: 		
0x01A7	0x0F75      	INCFSZ     R5, 0
;__Lib_Math.c,1706 :: 		
0x01A8	0x02F9      	SUBWF      R9, 1
;__Lib_Math.c,1707 :: 		
0x01A9	0x0876      	MOVF       R6, 0
;__Lib_Math.c,1708 :: 		
0x01AA	0x1C03      	BTFSS      STATUS, 0
;__Lib_Math.c,1709 :: 		
0x01AB	0x0F76      	INCFSZ     R6, 0
;__Lib_Math.c,1710 :: 		
0x01AC	0x02FA      	SUBWF      R10, 1
;__Lib_Math.c,1711 :: 		
0x01AD	0x0877      	MOVF       R7, 0
;__Lib_Math.c,1712 :: 		
0x01AE	0x1C03      	BTFSS      STATUS, 0
;__Lib_Math.c,1713 :: 		
0x01AF	0x0F77      	INCFSZ     R7, 0
;__Lib_Math.c,1714 :: 		
0x01B0	0x02FB      	SUBWF      R11, 1
;__Lib_Math.c,1715 :: 		
0x01B1	0x0100      	CLRW
;__Lib_Math.c,1716 :: 		
0x01B2	0x1C03      	BTFSS      STATUS, 0
;__Lib_Math.c,1717 :: 		
0x01B3	0x3001      	MOVLW      1
;__Lib_Math.c,1718 :: 		
0x01B4	0x02A0      	SUBWF      ___math_tempb, 1
;__Lib_Math.c,1719 :: 		
0x01B5	0x29C7      	GOTO       UOK22LD
;__Lib_Math.c,1721 :: 		
UADD22LD:
;__Lib_Math.c,1722 :: 		
0x01B6	0x07F8      	ADDWF      R8, 1
;__Lib_Math.c,1723 :: 		
0x01B7	0x0875      	MOVF       R5, 0
;__Lib_Math.c,1724 :: 		
0x01B8	0x1803      	BTFSC      STATUS, 0
;__Lib_Math.c,1725 :: 		
0x01B9	0x0F75      	INCFSZ     R5, 0
;__Lib_Math.c,1726 :: 		
0x01BA	0x07F9      	ADDWF      R9, 1
;__Lib_Math.c,1727 :: 		
0x01BB	0x0876      	MOVF       R6, 0
;__Lib_Math.c,1728 :: 		
0x01BC	0x1803      	BTFSC      STATUS, 0
;__Lib_Math.c,1729 :: 		
0x01BD	0x0F76      	INCFSZ     R6, 0
;__Lib_Math.c,1730 :: 		
0x01BE	0x07FA      	ADDWF      R10, 1
;__Lib_Math.c,1731 :: 		
0x01BF	0x0877      	MOVF       R7, 0
;__Lib_Math.c,1732 :: 		
0x01C0	0x1803      	BTFSC      STATUS, 0
;__Lib_Math.c,1733 :: 		
0x01C1	0x0F77      	INCFSZ     R7, 0
;__Lib_Math.c,1734 :: 		
0x01C2	0x07FB      	ADDWF      R11, 1
;__Lib_Math.c,1735 :: 		
0x01C3	0x0100      	CLRW
;__Lib_Math.c,1736 :: 		
0x01C4	0x1803      	BTFSC      STATUS, 0
;__Lib_Math.c,1737 :: 		
0x01C5	0x3001      	MOVLW      1
;__Lib_Math.c,1738 :: 		
0x01C6	0x07A0      	ADDWF      ___math_tempb, 1
;__Lib_Math.c,1740 :: 		
UOK22LD:
;__Lib_Math.c,1741 :: 		
0x01C7	0x0DF0      	RLF        R0, 1
;__Lib_Math.c,1743 :: 		
0x01C8	0x0BFC      	DECFSZ     R12, 1
;__Lib_Math.c,1744 :: 		
0x01C9	0x299B      	GOTO       LOOPU3232D
;__Lib_Math.c,1746 :: 		
0x01CA	0x1870      	BTFSC      R0, 0
;__Lib_Math.c,1747 :: 		
0x01CB	0x29DA      	GOTO       UOK22L
;__Lib_Math.c,1748 :: 		
0x01CC	0x0874      	MOVF       R4, 0
;__Lib_Math.c,1749 :: 		
0x01CD	0x07F8      	ADDWF      R8, 1
;__Lib_Math.c,1750 :: 		
0x01CE	0x0875      	MOVF       R5, 0
;__Lib_Math.c,1751 :: 		
0x01CF	0x1803      	BTFSC      STATUS, 0
;__Lib_Math.c,1752 :: 		
0x01D0	0x0F75      	INCFSZ     R5, 0
;__Lib_Math.c,1753 :: 		
0x01D1	0x07F9      	ADDWF      R9, 1
;__Lib_Math.c,1754 :: 		
0x01D2	0x0876      	MOVF       R6, 0
;__Lib_Math.c,1755 :: 		
0x01D3	0x1803      	BTFSC      STATUS, 0
;__Lib_Math.c,1756 :: 		
0x01D4	0x0F76      	INCFSZ     R6, 0
;__Lib_Math.c,1757 :: 		
0x01D5	0x07FA      	ADDWF      R10, 1
;__Lib_Math.c,1758 :: 		
0x01D6	0x0877      	MOVF       R7, 0
;__Lib_Math.c,1759 :: 		
0x01D7	0x1803      	BTFSC      STATUS, 0
;__Lib_Math.c,1760 :: 		
0x01D8	0x0F77      	INCFSZ     R7, 0
;__Lib_Math.c,1761 :: 		
0x01D9	0x07FB      	ADDWF      R11, 1
;__Lib_Math.c,1763 :: 		
UOK22L:
;__Lib_Math.c,1766 :: 		
L_end_Div_32x32_U:
0x01DA	0x0008      	RETURN
; end of _Div_32x32_U
_Soft_I2C_Write:
;__Lib_SoftI2C.c,194 :: 		
;__Lib_SoftI2C.c,195 :: 		
0x01DB	0x3001      	MOVLW      1
0x01DC	0x1283      	BCF        STATUS, 5
0x01DD	0x1303      	BCF        STATUS, 6
0x01DE	0x00B2      	MOVWF      Soft_I2C_Write_result_L0
0x01DF	0x3000      	MOVLW      0
0x01E0	0x00B3      	MOVWF      Soft_I2C_Write_result_L0+1
;__Lib_SoftI2C.c,197 :: 		
0x01E1	0x3080      	MOVLW      128
0x01E2	0x00B0      	MOVWF      Soft_I2C_Write_temp_L0
0x01E3	0x01B1      	CLRF       Soft_I2C_Write_temp_L0+1
;__Lib_SoftI2C.c,199 :: 		
L_Soft_I2C_Write16:
0x01E4	0x0830      	MOVF       Soft_I2C_Write_temp_L0, 0
0x01E5	0x0431      	IORWF      Soft_I2C_Write_temp_L0+1, 0
0x01E6	0x1903      	BTFSC      STATUS, 2
0x01E7	0x2A11      	GOTO       L_Soft_I2C_Write17
;__Lib_SoftI2C.c,200 :: 		
0x01E8	0x200E      	CALL       _Delay_1us
0x01E9	0x200E      	CALL       _Delay_1us
;__Lib_SoftI2C.c,201 :: 		
0x01EA	0x200E      	CALL       _Delay_1us
0x01EB	0x200E      	CALL       _Delay_1us
;__Lib_SoftI2C.c,203 :: 		
0x01EC	0x2003      	CALL       __Lib_SoftI2C_PutZerosToLATScl
;__Lib_SoftI2C.c,204 :: 		
0x01ED	0x1683      	BSF        STATUS, 5
0x01EE	0x1105      	BCF        Soft_I2C_Scl_Direction, BitPos(Soft_I2C_Scl_Direction+0)
;__Lib_SoftI2C.c,206 :: 		
0x01EF	0x200E      	CALL       _Delay_1us
0x01F0	0x200E      	CALL       _Delay_1us
;__Lib_SoftI2C.c,208 :: 		
0x01F1	0x1283      	BCF        STATUS, 5
0x01F2	0x0830      	MOVF       Soft_I2C_Write_temp_L0, 0
0x01F3	0x052F      	ANDWF      FARG_Soft_I2C_Write_data_, 0
0x01F4	0x00F0      	MOVWF      R0
0x01F5	0x3000      	MOVLW      0
0x01F6	0x0531      	ANDWF      Soft_I2C_Write_temp_L0+1, 0
0x01F7	0x00F1      	MOVWF      R0+1
0x01F8	0x0870      	MOVF       R0, 0
0x01F9	0x0471      	IORWF      R0+1, 0
0x01FA	0x1903      	BTFSC      STATUS, 2
0x01FB	0x29FF      	GOTO       L_Soft_I2C_Write18
;__Lib_SoftI2C.c,209 :: 		
0x01FC	0x1683      	BSF        STATUS, 5
0x01FD	0x1585      	BSF        Soft_I2C_Sda_Direction, BitPos(Soft_I2C_Sda_Direction+0)
;__Lib_SoftI2C.c,210 :: 		
0x01FE	0x2A02      	GOTO       L_Soft_I2C_Write19
L_Soft_I2C_Write18:
;__Lib_SoftI2C.c,212 :: 		
0x01FF	0x2010      	CALL       __Lib_SoftI2C_PutZerosToLATSda
;__Lib_SoftI2C.c,213 :: 		
0x0200	0x1683      	BSF        STATUS, 5
0x0201	0x1185      	BCF        Soft_I2C_Sda_Direction, BitPos(Soft_I2C_Sda_Direction+0)
;__Lib_SoftI2C.c,214 :: 		
L_Soft_I2C_Write19:
;__Lib_SoftI2C.c,216 :: 		
0x0202	0x200E      	CALL       _Delay_1us
0x0203	0x200E      	CALL       _Delay_1us
;__Lib_SoftI2C.c,218 :: 		
0x0204	0x1505      	BSF        Soft_I2C_Scl_Direction, BitPos(Soft_I2C_Scl_Direction+0)
;__Lib_SoftI2C.c,220 :: 		
0x0205	0x1283      	BCF        STATUS, 5
0x0206	0x102E      	BCF        __Lib_SoftI2C___StopWaiting, BitPos(__Lib_SoftI2C___StopWaiting+0)
;__Lib_SoftI2C.c,221 :: 		
L_Soft_I2C_Write20:
0x0207	0x1905      	BTFSC      Soft_I2C_Scl, BitPos(Soft_I2C_Scl+0)
0x0208	0x2A0D      	GOTO       L_Soft_I2C_Write21
;__Lib_SoftI2C.c,222 :: 		
0x0209	0x1C2E      	BTFSS      __Lib_SoftI2C___StopWaiting, BitPos(__Lib_SoftI2C___StopWaiting+0)
0x020A	0x2A0C      	GOTO       L_Soft_I2C_Write22
;__Lib_SoftI2C.c,223 :: 		
0x020B	0x2A0D      	GOTO       L_Soft_I2C_Write21
L_Soft_I2C_Write22:
0x020C	0x2A07      	GOTO       L_Soft_I2C_Write20
L_Soft_I2C_Write21:
;__Lib_SoftI2C.c,225 :: 		
0x020D	0x0CB1      	RRF        Soft_I2C_Write_temp_L0+1, 1
0x020E	0x0CB0      	RRF        Soft_I2C_Write_temp_L0, 1
0x020F	0x13B1      	BCF        Soft_I2C_Write_temp_L0+1, 7
;__Lib_SoftI2C.c,226 :: 		
0x0210	0x29E4      	GOTO       L_Soft_I2C_Write16
L_Soft_I2C_Write17:
;__Lib_SoftI2C.c,228 :: 		
0x0211	0x01B2      	CLRF       Soft_I2C_Write_result_L0
0x0212	0x01B3      	CLRF       Soft_I2C_Write_result_L0+1
;__Lib_SoftI2C.c,230 :: 		
0x0213	0x200E      	CALL       _Delay_1us
0x0214	0x200E      	CALL       _Delay_1us
;__Lib_SoftI2C.c,232 :: 		
0x0215	0x2003      	CALL       __Lib_SoftI2C_PutZerosToLATScl
;__Lib_SoftI2C.c,233 :: 		
0x0216	0x1683      	BSF        STATUS, 5
0x0217	0x1105      	BCF        Soft_I2C_Scl_Direction, BitPos(Soft_I2C_Scl_Direction+0)
;__Lib_SoftI2C.c,235 :: 		
0x0218	0x200E      	CALL       _Delay_1us
0x0219	0x200E      	CALL       _Delay_1us
;__Lib_SoftI2C.c,237 :: 		
0x021A	0x1585      	BSF        Soft_I2C_Sda_Direction, BitPos(Soft_I2C_Sda_Direction+0)
;__Lib_SoftI2C.c,239 :: 		
0x021B	0x200E      	CALL       _Delay_1us
0x021C	0x200E      	CALL       _Delay_1us
;__Lib_SoftI2C.c,240 :: 		
0x021D	0x200E      	CALL       _Delay_1us
0x021E	0x200E      	CALL       _Delay_1us
;__Lib_SoftI2C.c,242 :: 		
0x021F	0x1505      	BSF        Soft_I2C_Scl_Direction, BitPos(Soft_I2C_Scl_Direction+0)
;__Lib_SoftI2C.c,244 :: 		
0x0220	0x1283      	BCF        STATUS, 5
0x0221	0x102E      	BCF        __Lib_SoftI2C___StopWaiting, BitPos(__Lib_SoftI2C___StopWaiting+0)
;__Lib_SoftI2C.c,245 :: 		
L_Soft_I2C_Write23:
0x0222	0x1905      	BTFSC      Soft_I2C_Scl, BitPos(Soft_I2C_Scl+0)
0x0223	0x2A28      	GOTO       L_Soft_I2C_Write24
;__Lib_SoftI2C.c,246 :: 		
0x0224	0x1C2E      	BTFSS      __Lib_SoftI2C___StopWaiting, BitPos(__Lib_SoftI2C___StopWaiting+0)
0x0225	0x2A27      	GOTO       L_Soft_I2C_Write25
;__Lib_SoftI2C.c,247 :: 		
0x0226	0x2A28      	GOTO       L_Soft_I2C_Write24
L_Soft_I2C_Write25:
0x0227	0x2A22      	GOTO       L_Soft_I2C_Write23
L_Soft_I2C_Write24:
;__Lib_SoftI2C.c,249 :: 		
0x0228	0x01B2      	CLRF       Soft_I2C_Write_result_L0
0x0229	0x01B3      	CLRF       Soft_I2C_Write_result_L0+1
;__Lib_SoftI2C.c,251 :: 		
0x022A	0x200E      	CALL       _Delay_1us
0x022B	0x200E      	CALL       _Delay_1us
;__Lib_SoftI2C.c,253 :: 		
0x022C	0x1D85      	BTFSS      Soft_I2C_Sda, BitPos(Soft_I2C_Sda+0)
0x022D	0x2A2F      	GOTO       L_Soft_I2C_Write26
;__Lib_SoftI2C.c,254 :: 		
0x022E	0x1432      	BSF        Soft_I2C_Write_result_L0, 0
L_Soft_I2C_Write26:
;__Lib_SoftI2C.c,256 :: 		
0x022F	0x200E      	CALL       _Delay_1us
0x0230	0x200E      	CALL       _Delay_1us
;__Lib_SoftI2C.c,257 :: 		
0x0231	0x200E      	CALL       _Delay_1us
0x0232	0x200E      	CALL       _Delay_1us
;__Lib_SoftI2C.c,258 :: 		
0x0233	0x200E      	CALL       _Delay_1us
0x0234	0x200E      	CALL       _Delay_1us
;__Lib_SoftI2C.c,259 :: 		
0x0235	0x200E      	CALL       _Delay_1us
0x0236	0x200E      	CALL       _Delay_1us
;__Lib_SoftI2C.c,260 :: 		
0x0237	0x200E      	CALL       _Delay_1us
0x0238	0x200E      	CALL       _Delay_1us
;__Lib_SoftI2C.c,261 :: 		
0x0239	0x200E      	CALL       _Delay_1us
0x023A	0x200E      	CALL       _Delay_1us
;__Lib_SoftI2C.c,262 :: 		
0x023B	0x200E      	CALL       _Delay_1us
0x023C	0x200E      	CALL       _Delay_1us
;__Lib_SoftI2C.c,263 :: 		
0x023D	0x200E      	CALL       _Delay_1us
0x023E	0x200E      	CALL       _Delay_1us
;__Lib_SoftI2C.c,265 :: 		
0x023F	0x2003      	CALL       __Lib_SoftI2C_PutZerosToLATScl
;__Lib_SoftI2C.c,266 :: 		
0x0240	0x1683      	BSF        STATUS, 5
0x0241	0x1105      	BCF        Soft_I2C_Scl_Direction, BitPos(Soft_I2C_Scl_Direction+0)
;__Lib_SoftI2C.c,267 :: 		
0x0242	0x2010      	CALL       __Lib_SoftI2C_PutZerosToLATSda
;__Lib_SoftI2C.c,268 :: 		
0x0243	0x1683      	BSF        STATUS, 5
0x0244	0x1185      	BCF        Soft_I2C_Sda_Direction, BitPos(Soft_I2C_Sda_Direction+0)
;__Lib_SoftI2C.c,270 :: 		
0x0245	0x1283      	BCF        STATUS, 5
0x0246	0x0832      	MOVF       Soft_I2C_Write_result_L0, 0
0x0247	0x00F0      	MOVWF      R0
;__Lib_SoftI2C.c,271 :: 		
L_end_Soft_I2C_Write:
0x0248	0x0008      	RETURN
; end of _Soft_I2C_Write
_Soft_I2C_Stop:
;__Lib_SoftI2C.c,168 :: 		
;__Lib_SoftI2C.c,170 :: 		
0x0249	0x2010      	CALL       __Lib_SoftI2C_PutZerosToLATSda
;__Lib_SoftI2C.c,171 :: 		
0x024A	0x1683      	BSF        STATUS, 5
0x024B	0x1185      	BCF        Soft_I2C_Sda_Direction, BitPos(Soft_I2C_Sda_Direction+0)
;__Lib_SoftI2C.c,173 :: 		
0x024C	0x200E      	CALL       _Delay_1us
0x024D	0x200E      	CALL       _Delay_1us
;__Lib_SoftI2C.c,175 :: 		
0x024E	0x1505      	BSF        Soft_I2C_Scl_Direction, BitPos(Soft_I2C_Scl_Direction+0)
;__Lib_SoftI2C.c,177 :: 		
0x024F	0x1283      	BCF        STATUS, 5
0x0250	0x102E      	BCF        __Lib_SoftI2C___StopWaiting, BitPos(__Lib_SoftI2C___StopWaiting+0)
;__Lib_SoftI2C.c,178 :: 		
L_Soft_I2C_Stop13:
0x0251	0x1905      	BTFSC      Soft_I2C_Scl, BitPos(Soft_I2C_Scl+0)
0x0252	0x2A57      	GOTO       L_Soft_I2C_Stop14
;__Lib_SoftI2C.c,179 :: 		
0x0253	0x1C2E      	BTFSS      __Lib_SoftI2C___StopWaiting, BitPos(__Lib_SoftI2C___StopWaiting+0)
0x0254	0x2A56      	GOTO       L_Soft_I2C_Stop15
;__Lib_SoftI2C.c,180 :: 		
0x0255	0x2A57      	GOTO       L_Soft_I2C_Stop14
L_Soft_I2C_Stop15:
0x0256	0x2A51      	GOTO       L_Soft_I2C_Stop13
L_Soft_I2C_Stop14:
;__Lib_SoftI2C.c,182 :: 		
0x0257	0x200E      	CALL       _Delay_1us
0x0258	0x200E      	CALL       _Delay_1us
;__Lib_SoftI2C.c,183 :: 		
0x0259	0x200E      	CALL       _Delay_1us
0x025A	0x200E      	CALL       _Delay_1us
;__Lib_SoftI2C.c,184 :: 		
0x025B	0x200E      	CALL       _Delay_1us
0x025C	0x200E      	CALL       _Delay_1us
;__Lib_SoftI2C.c,185 :: 		
0x025D	0x200E      	CALL       _Delay_1us
0x025E	0x200E      	CALL       _Delay_1us
;__Lib_SoftI2C.c,187 :: 		
0x025F	0x1683      	BSF        STATUS, 5
0x0260	0x1585      	BSF        Soft_I2C_Sda_Direction, BitPos(Soft_I2C_Sda_Direction+0)
;__Lib_SoftI2C.c,189 :: 		
0x0261	0x200E      	CALL       _Delay_1us
0x0262	0x200E      	CALL       _Delay_1us
;__Lib_SoftI2C.c,190 :: 		
L_end_Soft_I2C_Stop:
0x0263	0x0008      	RETURN
; end of _Soft_I2C_Stop
_Soft_I2C_Init:
;__Lib_SoftI2C.c,69 :: 		
;__Lib_SoftI2C.c,75 :: 		
0x0264	0x1683      	BSF        STATUS, 5
0x0265	0x1303      	BCF        STATUS, 6
0x0266	0x1505      	BSF        Soft_I2C_Scl_Direction, BitPos(Soft_I2C_Scl_Direction+0)
;__Lib_SoftI2C.c,76 :: 		
0x0267	0x1585      	BSF        Soft_I2C_Sda_Direction, BitPos(Soft_I2C_Sda_Direction+0)
;__Lib_SoftI2C.c,78 :: 		
0x0268	0x1283      	BCF        STATUS, 5
0x0269	0x102E      	BCF        __Lib_SoftI2C___StopWaiting, BitPos(__Lib_SoftI2C___StopWaiting+0)
;__Lib_SoftI2C.c,79 :: 		
L_Soft_I2C_Init0:
0x026A	0x1905      	BTFSC      Soft_I2C_Scl, BitPos(Soft_I2C_Scl+0)
0x026B	0x2A70      	GOTO       L_Soft_I2C_Init1
;__Lib_SoftI2C.c,80 :: 		
0x026C	0x1C2E      	BTFSS      __Lib_SoftI2C___StopWaiting, BitPos(__Lib_SoftI2C___StopWaiting+0)
0x026D	0x2A6F      	GOTO       L_Soft_I2C_Init2
;__Lib_SoftI2C.c,81 :: 		
0x026E	0x2A70      	GOTO       L_Soft_I2C_Init1
L_Soft_I2C_Init2:
0x026F	0x2A6A      	GOTO       L_Soft_I2C_Init0
L_Soft_I2C_Init1:
;__Lib_SoftI2C.c,83 :: 		
L_end_Soft_I2C_Init:
0x0270	0x0008      	RETURN
; end of _Soft_I2C_Init
_main:
;PLL_TSA_MikroC.c,34 :: 		void main(){
;PLL_TSA_MikroC.c,36 :: 		Factor_N_Divider = 0;
0x0271	0x1283      	BCF        STATUS, 5
0x0272	0x1303      	BCF        STATUS, 6
0x0273	0x01A4      	CLRF       _Factor_N_Divider
0x0274	0x01A5      	CLRF       _Factor_N_Divider+1
0x0275	0x01A6      	CLRF       _Factor_N_Divider+2
0x0276	0x01A7      	CLRF       _Factor_N_Divider+3
;PLL_TSA_MikroC.c,37 :: 		Frequency = 0;
0x0277	0x01A8      	CLRF       _Frequency
0x0278	0x01A9      	CLRF       _Frequency+1
0x0279	0x01AA      	CLRF       _Frequency+2
0x027A	0x01AB      	CLRF       _Frequency+3
;PLL_TSA_MikroC.c,38 :: 		N_Divider = 0;
0x027B	0x01AC      	CLRF       _N_Divider
0x027C	0x01AD      	CLRF       _N_Divider+1
;PLL_TSA_MikroC.c,39 :: 		Keys = 0;
0x027D	0x01A3      	CLRF       _Keys
;PLL_TSA_MikroC.c,41 :: 		PORTA = 0;
0x027E	0x0185      	CLRF       PORTA
;PLL_TSA_MikroC.c,42 :: 		PORTB = 0;
0x027F	0x0186      	CLRF       PORTB
;PLL_TSA_MikroC.c,43 :: 		TRISA = 0xFF;
0x0280	0x30FF      	MOVLW      255
0x0281	0x1683      	BSF        STATUS, 5
0x0282	0x0085      	MOVWF      TRISA
;PLL_TSA_MikroC.c,44 :: 		TRISB = 0xFF;
0x0283	0x30FF      	MOVLW      255
0x0284	0x0086      	MOVWF      TRISB
;PLL_TSA_MikroC.c,46 :: 		LOCK_LED_DIR = 0;
0x0285	0x1085      	BCF        TRISA, 1
;PLL_TSA_MikroC.c,48 :: 		OPTION_REG.B7 = 0;
0x0286	0x1381      	BCF        OPTION_REG, 7
;PLL_TSA_MikroC.c,49 :: 		CMCON = 0x07;
0x0287	0x3007      	MOVLW      7
0x0288	0x1283      	BCF        STATUS, 5
0x0289	0x009F      	MOVWF      CMCON
;PLL_TSA_MikroC.c,51 :: 		Soft_I2C_Init();
0x028A	0x2264      	CALL       _Soft_I2C_Init
;PLL_TSA_MikroC.c,53 :: 		Factor_N_Divider = ((Crystal / 512) * 8) / 100;
0x028B	0x30F4      	MOVLW      244
0x028C	0x00A4      	MOVWF      _Factor_N_Divider
0x028D	0x3001      	MOVLW      1
0x028E	0x00A5      	MOVWF      _Factor_N_Divider+1
0x028F	0x3000      	MOVLW      0
0x0290	0x00A6      	MOVWF      _Factor_N_Divider+2
0x0291	0x3000      	MOVLW      0
0x0292	0x00A7      	MOVWF      _Factor_N_Divider+3
;PLL_TSA_MikroC.c,54 :: 		Keys =~ PORTB;
0x0293	0x0906      	COMF       PORTB, 0
0x0294	0x00F0      	MOVWF      R0
0x0295	0x0870      	MOVF       R0, 0
0x0296	0x00A3      	MOVWF      _Keys
;PLL_TSA_MikroC.c,55 :: 		Frequency = Factor - Keys;
0x0297	0x0870      	MOVF       R0, 0
0x0298	0x3C38      	SUBLW      56
0x0299	0x00A8      	MOVWF      _Frequency
0x029A	0x3000      	MOVLW      0
0x029B	0x1C03      	BTFSS      STATUS, 0
0x029C	0x3E01      	ADDLW      1
0x029D	0x3C04      	SUBLW      4
0x029E	0x00A9      	MOVWF      _Frequency+1
0x029F	0x3000      	MOVLW      0
0x02A0	0x1BA9      	BTFSC      _Frequency+1, 7
0x02A1	0x30FF      	MOVLW      255
0x02A2	0x00AA      	MOVWF      _Frequency+2
0x02A3	0x00AB      	MOVWF      _Frequency+3
;PLL_TSA_MikroC.c,56 :: 		Frequency *= 1000;
0x02A4	0x0828      	MOVF       _Frequency, 0
0x02A5	0x00F0      	MOVWF      R0
0x02A6	0x0829      	MOVF       _Frequency+1, 0
0x02A7	0x00F1      	MOVWF      R0+1
0x02A8	0x082A      	MOVF       _Frequency+2, 0
0x02A9	0x00F2      	MOVWF      R0+2
0x02AA	0x082B      	MOVF       _Frequency+3, 0
0x02AB	0x00F3      	MOVWF      R0+3
0x02AC	0x30E8      	MOVLW      232
0x02AD	0x00F4      	MOVWF      R4
0x02AE	0x3003      	MOVLW      3
0x02AF	0x00F5      	MOVWF      R4+1
0x02B0	0x01F6      	CLRF       R4+2
0x02B1	0x01F7      	CLRF       R4+3
0x02B2	0x201B      	CALL       _Mul_32x32_U
0x02B3	0x0870      	MOVF       R0, 0
0x02B4	0x00A8      	MOVWF      _Frequency
0x02B5	0x0871      	MOVF       R0+1, 0
0x02B6	0x00A9      	MOVWF      _Frequency+1
0x02B7	0x0872      	MOVF       R0+2, 0
0x02B8	0x00AA      	MOVWF      _Frequency+2
0x02B9	0x0873      	MOVF       R0+3, 0
0x02BA	0x00AB      	MOVWF      _Frequency+3
;PLL_TSA_MikroC.c,57 :: 		N_Divider = Frequency / Factor_N_Divider;
0x02BB	0x30F4      	MOVLW      244
0x02BC	0x00F4      	MOVWF      R4
0x02BD	0x3001      	MOVLW      1
0x02BE	0x00F5      	MOVWF      R4+1
0x02BF	0x3000      	MOVLW      0
0x02C0	0x00F6      	MOVWF      R4+2
0x02C1	0x3000      	MOVLW      0
0x02C2	0x00F7      	MOVWF      R4+3
0x02C3	0x2063      	CALL       _Div_32x32_U
0x02C4	0x0870      	MOVF       R0, 0
0x02C5	0x00AC      	MOVWF      _N_Divider
0x02C6	0x0871      	MOVF       R0+1, 0
0x02C7	0x00AD      	MOVWF      _N_Divider+1
;PLL_TSA_MikroC.c,59 :: 		Soft_I2C_Start();
0x02C8	0x2052      	CALL       _Soft_I2C_Start
;PLL_TSA_MikroC.c,60 :: 		Soft_I2C_Write(0xC2);
0x02C9	0x30C2      	MOVLW      194
0x02CA	0x1283      	BCF        STATUS, 5
0x02CB	0x00AF      	MOVWF      FARG_Soft_I2C_Write_data_
0x02CC	0x21DB      	CALL       _Soft_I2C_Write
;PLL_TSA_MikroC.c,61 :: 		Soft_I2C_Write(Hi(N_Divider));
0x02CD	0x082D      	MOVF       _N_Divider+1, 0
0x02CE	0x00AF      	MOVWF      FARG_Soft_I2C_Write_data_
0x02CF	0x21DB      	CALL       _Soft_I2C_Write
;PLL_TSA_MikroC.c,62 :: 		Soft_I2C_Write(Lo(N_Divider));
0x02D0	0x082C      	MOVF       _N_Divider, 0
0x02D1	0x00AF      	MOVWF      FARG_Soft_I2C_Write_data_
0x02D2	0x21DB      	CALL       _Soft_I2C_Write
;PLL_TSA_MikroC.c,65 :: 		Soft_I2C_Write(0b11001110); // 220ua
0x02D3	0x30CE      	MOVLW      206
0x02D4	0x00AF      	MOVWF      FARG_Soft_I2C_Write_data_
0x02D5	0x21DB      	CALL       _Soft_I2C_Write
;PLL_TSA_MikroC.c,67 :: 		Soft_I2C_Write(0xFF); // Enabled All TSA5511/12 GPIOs
0x02D6	0x30FF      	MOVLW      255
0x02D7	0x00AF      	MOVWF      FARG_Soft_I2C_Write_data_
0x02D8	0x21DB      	CALL       _Soft_I2C_Write
;PLL_TSA_MikroC.c,68 :: 		Soft_I2C_Stop();
0x02D9	0x2249      	CALL       _Soft_I2C_Stop
;PLL_TSA_MikroC.c,70 :: 		delay_ms(2000); // time to tune in
0x02DA	0x300B      	MOVLW      11
0x02DB	0x00FB      	MOVWF      R11
0x02DC	0x3026      	MOVLW      38
0x02DD	0x00FC      	MOVWF      R12
0x02DE	0x305D      	MOVLW      93
0x02DF	0x00FD      	MOVWF      R13
L_main0:
0x02E0	0x0BFD      	DECFSZ     R13, 1
0x02E1	0x2AE0      	GOTO       L_main0
0x02E2	0x0BFC      	DECFSZ     R12, 1
0x02E3	0x2AE0      	GOTO       L_main0
0x02E4	0x0BFB      	DECFSZ     R11, 1
0x02E5	0x2AE0      	GOTO       L_main0
0x02E6	0x0000      	NOP
0x02E7	0x0000      	NOP
;PLL_TSA_MikroC.c,71 :: 		LOCK_LED_PIN = 1;
0x02E8	0x1283      	BCF        STATUS, 5
0x02E9	0x1485      	BSF        PORTA, 1
;PLL_TSA_MikroC.c,73 :: 		Soft_I2C_Start();
0x02EA	0x2052      	CALL       _Soft_I2C_Start
;PLL_TSA_MikroC.c,74 :: 		Soft_I2C_Write(0xC2);
0x02EB	0x30C2      	MOVLW      194
0x02EC	0x1283      	BCF        STATUS, 5
0x02ED	0x00AF      	MOVWF      FARG_Soft_I2C_Write_data_
0x02EE	0x21DB      	CALL       _Soft_I2C_Write
;PLL_TSA_MikroC.c,75 :: 		Soft_I2C_Write(Hi(N_Divider));
0x02EF	0x082D      	MOVF       _N_Divider+1, 0
0x02F0	0x00AF      	MOVWF      FARG_Soft_I2C_Write_data_
0x02F1	0x21DB      	CALL       _Soft_I2C_Write
;PLL_TSA_MikroC.c,76 :: 		Soft_I2C_Write(Lo(N_Divider));
0x02F2	0x082C      	MOVF       _N_Divider, 0
0x02F3	0x00AF      	MOVWF      FARG_Soft_I2C_Write_data_
0x02F4	0x21DB      	CALL       _Soft_I2C_Write
;PLL_TSA_MikroC.c,79 :: 		Soft_I2C_Write(0b10001110); // 50ua
0x02F5	0x308E      	MOVLW      142
0x02F6	0x00AF      	MOVWF      FARG_Soft_I2C_Write_data_
0x02F7	0x21DB      	CALL       _Soft_I2C_Write
;PLL_TSA_MikroC.c,81 :: 		Soft_I2C_Write(0xFF); // Enabled All TSA5511/12 GPIOs
0x02F8	0x30FF      	MOVLW      255
0x02F9	0x00AF      	MOVWF      FARG_Soft_I2C_Write_data_
0x02FA	0x21DB      	CALL       _Soft_I2C_Write
;PLL_TSA_MikroC.c,82 :: 		Soft_I2C_Stop();
0x02FB	0x2249      	CALL       _Soft_I2C_Stop
;PLL_TSA_MikroC.c,83 :: 		}
L_end_main:
0x02FC	0x2AFC      	GOTO       $+0
; end of _main
Symbol List:
//** Routines locations **
//ADDRESS    SIZE    PROCEDURE
//----------------------------------------------
0x0003      [11]    __Lib_SoftI2C_PutZerosToLATScl
0x000E       [2]    _Delay_1us
0x0010      [11]    __Lib_SoftI2C_PutZerosToLATSda
0x001B      [55]    _Mul_32x32_U
0x0052      [17]    _Soft_I2C_Start
0x0063     [376]    _Div_32x32_U
0x01DB     [110]    _Soft_I2C_Write
0x0249      [27]    _Soft_I2C_Stop
0x0264      [13]    _Soft_I2C_Init
0x0271     [140]    _main
//** Variables locations ** 
//ADDRESS    SIZE    VARIABLE
//----------------------------------------------
0x0000       [1]    INDF
0x0003       [1]    STATUS
0x0004       [1]    FSR
0x0005       [0]    Soft_I2C_Sda
0x0005       [0]    Soft_I2C_Scl
0x0005       [1]    PORTA
0x0005       [0]    RA2_bit
0x0005       [0]    RA3_bit
0x0006       [1]    PORTB
0x000A       [1]    PCLATH
0x001F       [1]    CMCON
0x0020       [1]    ___math_tempb
0x0021       [2]    ___DoICPAddr
0x0023       [1]    _Keys
0x0024       [4]    _Factor_N_Divider
0x0028       [4]    _Frequency
0x002C       [2]    _N_Divider
0x002E       [0]    __Lib_SoftI2C___StopWaiting
0x002F       [1]    FARG_Soft_I2C_Write_data_
0x0030       [2]    Soft_I2C_Write_temp_L0
0x0032       [2]    Soft_I2C_Write_result_L0
0x0070       [1]    R0
0x0071       [1]    R1
0x0072       [1]    R2
0x0073       [1]    R3
0x0074       [1]    R4
0x0075       [1]    R5
0x0076       [1]    R6
0x0077       [1]    R7
0x0078       [1]    R8
0x0079       [1]    R9
0x007A       [1]    R10
0x007B       [1]    R11
0x007C       [1]    R12
0x007D       [1]    R13
0x007E       [1]    R14
0x007F       [1]    R15
0x0081       [1]    OPTION_REG
0x0085       [1]    TRISA
0x0085       [0]    Soft_I2C_Sda_Direction
0x0085       [0]    Soft_I2C_Scl_Direction
0x0085       [0]    TRISA3_bit
0x0085       [0]    TRISA2_bit
0x0086       [1]    TRISB
